time：2022-08-03T19:59:32.008704
user-agent：Mozilla/5.0 (Macintosh; Intel Mac OS X 10_15_7) AppleWebKit/537.36 (KHTML, like Gecko) Chrome/102.0.0.0 Safari/537.36 
connection：keep-alive 
sec-ch-ua-mobile：?0 
cache-control：max-age=0 
sec-fetch-dest：document 
accept-encoding：gzip, deflate, br 
sec-fetch-user：?1 
sec-fetch-site：none 
accept：text/html,application/xhtml+xml,application/xml;q=0.9,image/avif,image/webp,image/apng,*/*;q=0.8,application/signed-exchange;v=b3;q=0.9 
accept-language：zh-CN,zh;q=0.9 
sec-fetch-mode：navigate 
host：localhost:8080 
sec-ch-ua-platform："macOS" 
sec-ch-ua：" Not A;Brand";v="99", "Chromium";v="102", "Google Chrome";v="102" 
upgrade-insecure-requests：1 

time：2022-08-03T19:59:44.198778
user-agent：Mozilla/5.0 (Macintosh; Intel Mac OS X 10_15_7) AppleWebKit/537.36 (KHTML, like Gecko) Chrome/102.0.0.0 Safari/537.36 
connection：keep-alive 
sec-ch-ua-mobile：?0 
sec-fetch-dest：document 
sec-fetch-user：?1 
accept-encoding：gzip, deflate, br 
sec-fetch-site：none 
accept：text/html,application/xhtml+xml,application/xml;q=0.9,image/avif,image/webp,image/apng,*/*;q=0.8,application/signed-exchange;v=b3;q=0.9 
accept-language：zh-CN,zh;q=0.9 
sec-fetch-mode：navigate 
host：localhost:8080 
sec-ch-ua-platform："macOS" 
sec-ch-ua：" Not A;Brand";v="99", "Chromium";v="102", "Google Chrome";v="102" 
upgrade-insecure-requests：1 