time：2022-08-03T20:07:00.196378
user-agent：Mozilla/5.0 (Macintosh; Intel Mac OS X 10_15_7) AppleWebKit/605.1.15 (KHTML, like Gecko) Version/15.5 Safari/605.1.15 
connection：keep-alive 
accept：text/html,application/xhtml+xml,application/xml;q=0.9,*/*;q=0.8 
accept-language：zh-CN,zh-Hans;q=0.9 
accept-encoding：gzip, deflate 
host：localhost:8080 
upgrade-insecure-requests：1 

time：2022-08-03T20:07:13.507210
user-agent：Mozilla/5.0 (Macintosh; Intel Mac OS X 10_15_7) AppleWebKit/537.36 (KHTML, like Gecko) Chrome/102.0.0.0 Safari/537.36 
connection：keep-alive 
sec-ch-ua-mobile：?0 
cache-control：max-age=0 
sec-fetch-dest：document 
accept-encoding：gzip, deflate, br 
sec-fetch-user：?1 
sec-fetch-site：none 
accept：text/html,application/xhtml+xml,application/xml;q=0.9,image/avif,image/webp,image/apng,*/*;q=0.8,application/signed-exchange;v=b3;q=0.9 
accept-language：zh-CN,zh;q=0.9 
sec-fetch-mode：navigate 
host：localhost:8080 
sec-ch-ua-platform："macOS" 
sec-ch-ua：" Not A;Brand";v="99", "Chromium";v="102", "Google Chrome";v="102" 
upgrade-insecure-requests：1 

time：2022-08-03T20:07:16.484703
user-agent：Mozilla/5.0 (Macintosh; Intel Mac OS X 10_15_7) AppleWebKit/537.36 (KHTML, like Gecko) Chrome/102.0.0.0 Safari/537.36 
connection：keep-alive 
sec-ch-ua-mobile：?0 
cache-control：max-age=0 
sec-fetch-dest：document 
accept-encoding：gzip, deflate, br 
sec-fetch-user：?1 
sec-fetch-site：none 
accept：text/html,application/xhtml+xml,application/xml;q=0.9,image/avif,image/webp,image/apng,*/*;q=0.8,application/signed-exchange;v=b3;q=0.9 
accept-language：zh-CN,zh;q=0.9 
sec-fetch-mode：navigate 
host：localhost:8080 
sec-ch-ua-platform："macOS" 
sec-ch-ua：" Not A;Brand";v="99", "Chromium";v="102", "Google Chrome";v="102" 
upgrade-insecure-requests：1 